   ------------------------------------------------------------------
  | Welcome to ROOT 6.26/10                        https://root.cern |
  | (c) 1995-2021, The ROOT Team; conception: R. Brun, F. Rademakers |
  | Built for linuxx8664gcc on Nov 16 2022, 10:42:54                 |
  | From tags/v6-26-10@v6-26-10                                      |
  | With g++ (Spack GCC) 11.2.0                                      |
  | Try '.help', '.demo', '.license', '.credits', '.quit'/'.q'       |
   ------------------------------------------------------------------


Processing CutFlowTable.C("Zmumu",-1,"n/a","../MyExternalAnalysis/results/",-1,"only1L")...
CutFlowOK:: Running on a single file: ../MyExternalAnalysis/results/Winter2023/AnalysisResults-Zmumu.root
CutFlowTable.C:: Running on 1940 entries out of 1940
CutFlowTable.C:: Scale factor is 1
0 / 1940
CutFlowTable.C:: oNEntries = 5671
$Z\to \mu\mu$ & \textit{( 85)}  &     3  &    98  &    89  &     98  &    58  &    95  &   0.000000 \\
   ------------------------------------------------------------------
  | Welcome to ROOT 6.26/10                        https://root.cern |
  | (c) 1995-2021, The ROOT Team; conception: R. Brun, F. Rademakers |
  | Built for linuxx8664gcc on Nov 16 2022, 10:42:54                 |
  | From tags/v6-26-10@v6-26-10                                      |
  | With g++ (Spack GCC) 11.2.0                                      |
  | Try '.help', '.demo', '.license', '.credits', '.quit'/'.q'       |
   ------------------------------------------------------------------


Processing CutFlowTable.C("Zmumu",-1,"n/a","../MyExternalAnalysis/results/",-1,"only2M")...
CutFlowOK:: Running on a single file: ../MyExternalAnalysis/results/Winter2023/AnalysisResults-Zmumu.root
CutFlowTable.C:: Running on 1940 entries out of 1940
CutFlowTable.C:: Scale factor is 1
0 / 1940
CutFlowTable.C:: oNEntries = 5671
$Z\to \mu\mu$ & \textit{( 15)}  &    20  &    97  &    39  &    70  &    60  &    84  &    98  &   4.385965 \\
   ------------------------------------------------------------------
  | Welcome to ROOT 6.26/10                        https://root.cern |
  | (c) 1995-2021, The ROOT Team; conception: R. Brun, F. Rademakers |
  | Built for linuxx8664gcc on Nov 16 2022, 10:42:54                 |
  | From tags/v6-26-10@v6-26-10                                      |
  | With g++ (Spack GCC) 11.2.0                                      |
  | Try '.help', '.demo', '.license', '.credits', '.quit'/'.q'       |
   ------------------------------------------------------------------


Processing CutFlowTable.C("Zmumu",-1,"n/a","../MyExternalAnalysis/results/",-1,"combined_selection anymass1L2M")...
CutFlowOK:: Running on a single file: ../MyExternalAnalysis/results/Winter2023/AnalysisResults-Zmumu.root
CutFlowTable.C:: Running on 1940 entries out of 1940
CutFlowTable.C:: Scale factor is 1
0 / 1940
CutFlowTable.C:: oNEntries = 5671
CutFlowTable.C:: !!!! IMPORTANT !!!!!  The event filter number is correct only if you are running on non skimmed data !!!
$Z\to \mu\mu$ & 100.0M & 1.9k (1.7k+260) & 5 (0+5) & 3509.0 \\
   ------------------------------------------------------------------
  | Welcome to ROOT 6.26/10                        https://root.cern |
  | (c) 1995-2021, The ROOT Team; conception: R. Brun, F. Rademakers |
  | Built for linuxx8664gcc on Nov 16 2022, 10:42:54                 |
  | From tags/v6-26-10@v6-26-10                                      |
  | With g++ (Spack GCC) 11.2.0                                      |
  | Try '.help', '.demo', '.license', '.credits', '.quit'/'.q'       |
   ------------------------------------------------------------------


Processing CutFlowTable.C("Zmumu",-1,"n/a","../MyExternalAnalysis/results/",-1,"withdcut anymass1L2M")...
CutFlowOK:: Running on a single file: ../MyExternalAnalysis/results/Winter2023/AnalysisResults-Zmumu.root
CutFlowTable.C:: Running on 1940 entries out of 1940
CutFlowTable.C:: Scale factor is 1
0 / 1940
CutFlowTable.C:: oNEntries = 5671
CutFlowOK:: Running on a single file: ../MyExternalAnalysis/results/Winter2023/AnalysisResults-Zmumu.root
CutFlowOK.C:: Running on 1940 entries out of 1940
CutFlowOK.C:: Scale factor is 1
0 / 1940
Preselection: 5671
One muon    : 1919
Selection   : 5
CutFlowOK:: Running on a single file: ../MyExternalAnalysis/results/Winter2023/AnalysisResults-Zmumu.root
CutFlowOK.C:: Running on 1940 entries out of 1940
CutFlowOK.C:: Scale factor is 1
0 / 1940
Preselection: 5671
One muon    : 1919
Selection   : 5
----------------------------------------------
MASS = 5
$Z\to \mu\mu$ & 100.0M & 0 & 0 & 0 & 0 & 0 \\ 
 & 3509.0  & \textit{0} & \textit{0} & \textit{0} & \textit{0} & \textit{0} \\
----------------------------------------------
MASS = 10
$Z\to \mu\mu$ & 100.0M & 0 & 0 & 0 & 0 & 0 \\ 
 & 3509.0  & \textit{0} & \textit{0} & \textit{0} & \textit{0} & \textit{0} \\
----------------------------------------------
MASS = 20
$Z\to \mu\mu$ & 100.0M & 0 & 0 & 0 & 0 & 0 \\ 
 & 3509.0  & \textit{0} & \textit{0} & \textit{0} & \textit{0} & \textit{0} \\
----------------------------------------------
MASS = 30
$Z\to \mu\mu$ & 100.0M & 0 & 0 & 0 & 0 & 0 \\ 
 & 3509.0  & \textit{0} & \textit{0} & \textit{0} & \textit{0} & \textit{0} \\
----------------------------------------------
MASS = 40
$Z\to \mu\mu$ & 100.0M & 0 & 0 & 0 & 0 & 0 \\ 
 & 3509.0  & \textit{0} & \textit{0} & \textit{0} & \textit{0} & \textit{0} \\
----------------------------------------------
MASS = 50
$Z\to \mu\mu$ & 100.0M & 0 & 0 & 0 & 0 & 0 \\ 
 & 3509.0  & \textit{0} & \textit{0} & \textit{0} & \textit{0} & \textit{0} \\
----------------------------------------------
MASS = 60
$Z\to \mu\mu$ & 100.0M & 0 & 0 & 0 & 0 & 0 \\ 
 & 3509.0  & \textit{0} & \textit{0} & \textit{0} & \textit{0} & \textit{0} \\
----------------------------------------------
MASS = 70
$Z\to \mu\mu$ & 100.0M & 1 & 1 & 1 & 1 & 0 \\ 
 & 3509.0  & \textit{3.5k} & \textit{3.5k} & \textit{3.5k} & \textit{3.5k} & \textit{0} \\
----------------------------------------------
MASS = 80
$Z\to \mu\mu$ & 100.0M & 2 & 2 & 2 & 2 & 0 \\ 
 & 3509.0  & \textit{7.0k} & \textit{7.0k} & \textit{7.0k} & \textit{7.0k} & \textit{0} \\
----------------------------------------------
MASS = 85
$Z\to \mu\mu$ & 100.0M & 1 & 1 & 1 & 1 & 0 \\ 
 & 3509.0  & \textit{3.5k} & \textit{3.5k} & \textit{3.5k} & \textit{3.5k} & \textit{0} \\
   ------------------------------------------------------------------
  | Welcome to ROOT 6.26/10                        https://root.cern |
  | (c) 1995-2021, The ROOT Team; conception: R. Brun, F. Rademakers |
  | Built for linuxx8664gcc on Nov 16 2022, 10:42:54                 |
  | From tags/v6-26-10@v6-26-10                                      |
  | With g++ (Spack GCC) 11.2.0                                      |
  | Try '.help', '.demo', '.license', '.credits', '.quit'/'.q'       |
   ------------------------------------------------------------------


Processing CutFlowTable.C("Ztautau",-1,"n/a","../MyExternalAnalysis/results/",-1,"only1L")...
CutFlowOK:: Running on a single file: ../MyExternalAnalysis/results/Winter2023/AnalysisResults-Ztautau.root
CutFlowTable.C:: Running on 4281605 entries out of 4281605
CutFlowTable.C:: Scale factor is 1
0 / 4281605
CutFlowTable.C:: oNEntries = 4300006
1000000 / 4281605
2000000 / 4281605
3000000 / 4281605
4000000 / 4281605
$Z\to \tau\tau$ & \textit{( 95)}  &    93  &     8  &   100  &    100  &     0  &    32  &   0.000857 \\
   ------------------------------------------------------------------
  | Welcome to ROOT 6.26/10                        https://root.cern |
  | (c) 1995-2021, The ROOT Team; conception: R. Brun, F. Rademakers |
  | Built for linuxx8664gcc on Nov 16 2022, 10:42:54                 |
  | From tags/v6-26-10@v6-26-10                                      |
  | With g++ (Spack GCC) 11.2.0                                      |
  | Try '.help', '.demo', '.license', '.credits', '.quit'/'.q'       |
   ------------------------------------------------------------------


Processing CutFlowTable.C("Ztautau",-1,"n/a","../MyExternalAnalysis/results/",-1,"only2M")...
CutFlowOK:: Running on a single file: ../MyExternalAnalysis/results/Winter2023/AnalysisResults-Ztautau.root
CutFlowTable.C:: Running on 4281605 entries out of 4281605
CutFlowTable.C:: Scale factor is 1
0 / 4281605
CutFlowTable.C:: oNEntries = 4300006
1000000 / 4281605
2000000 / 4281605
3000000 / 4281605
4000000 / 4281605
$Z\to \tau\tau$ & \textit{(  5)}  &    93  &    18  &    23  &    50  &    59  &    35  &    41  &   0.157584 \\
   ------------------------------------------------------------------
  | Welcome to ROOT 6.26/10                        https://root.cern |
  | (c) 1995-2021, The ROOT Team; conception: R. Brun, F. Rademakers |
  | Built for linuxx8664gcc on Nov 16 2022, 10:42:54                 |
  | From tags/v6-26-10@v6-26-10                                      |
  | With g++ (Spack GCC) 11.2.0                                      |
  | Try '.help', '.demo', '.license', '.credits', '.quit'/'.q'       |
   ------------------------------------------------------------------


Processing CutFlowTable.C("Ztautau",-1,"n/a","../MyExternalAnalysis/results/",-1,"combined_selection anymass1L2M")...
CutFlowOK:: Running on a single file: ../MyExternalAnalysis/results/Winter2023/AnalysisResults-Ztautau.root
CutFlowTable.C:: Running on 4281605 entries out of 4281605
CutFlowTable.C:: Scale factor is 1
0 / 4281605
CutFlowTable.C:: oNEntries = 4300006
1000000 / 4281605
2000000 / 4281605
3000000 / 4281605
4000000 / 4281605
CutFlowTable.C:: !!!! IMPORTANT !!!!!  The event filter number is correct only if you are running on non skimmed data !!!
$Z\to \tau\tau$ & 100.0M & 4.3M (4.1M+205.1k) & 329 (34+295) & 3543.8 \\
   ------------------------------------------------------------------
  | Welcome to ROOT 6.26/10                        https://root.cern |
  | (c) 1995-2021, The ROOT Team; conception: R. Brun, F. Rademakers |
  | Built for linuxx8664gcc on Nov 16 2022, 10:42:54                 |
  | From tags/v6-26-10@v6-26-10                                      |
  | With g++ (Spack GCC) 11.2.0                                      |
  | Try '.help', '.demo', '.license', '.credits', '.quit'/'.q'       |
   ------------------------------------------------------------------


Processing CutFlowTable.C("Ztautau",-1,"n/a","../MyExternalAnalysis/results/",-1,"withdcut anymass1L2M")...
CutFlowOK:: Running on a single file: ../MyExternalAnalysis/results/Winter2023/AnalysisResults-Ztautau.root
CutFlowTable.C:: Running on 4281605 entries out of 4281605
CutFlowTable.C:: Scale factor is 1
0 / 4281605
CutFlowTable.C:: oNEntries = 4300006
1000000 / 4281605
2000000 / 4281605
3000000 / 4281605
4000000 / 4281605
CutFlowOK:: Running on a single file: ../MyExternalAnalysis/results/Winter2023/AnalysisResults-Ztautau.root
CutFlowOK.C:: Running on 4281605 entries out of 4281605
CutFlowOK.C:: Scale factor is 1
0 / 4281605
1000000 / 4281605
2000000 / 4281605
3000000 / 4281605
4000000 / 4281605
Preselection: 4.30001e+06
One muon    : 4.2815e+06
Selection   : 329
CutFlowOK:: Running on a single file: ../MyExternalAnalysis/results/Winter2023/AnalysisResults-Ztautau.root
CutFlowOK.C:: Running on 4281605 entries out of 4281605
CutFlowOK.C:: Scale factor is 1
0 / 4281605
1000000 / 4281605
2000000 / 4281605
3000000 / 4281605
4000000 / 4281605
Preselection: 4.30001e+06
One muon    : 4.2815e+06
Selection   : 329
----------------------------------------------
MASS = 5
$Z\to \tau\tau$ & 100.0M & 0 & 0 & 0 & 0 & 0 \\ 
 & 3543.8  & \textit{0} & \textit{0} & \textit{0} & \textit{0} & \textit{0} \\
----------------------------------------------
MASS = 10
$Z\to \tau\tau$ & 100.0M & 0 & 0 & 0 & 0 & 0 \\ 
 & 3543.8  & \textit{0} & \textit{0} & \textit{0} & \textit{0} & \textit{0} \\
----------------------------------------------
MASS = 20
$Z\to \tau\tau$ & 100.0M & 0 & 0 & 0 & 0 & 0 \\ 
 & 3543.8  & \textit{0} & \textit{0} & \textit{0} & \textit{0} & \textit{0} \\
----------------------------------------------
MASS = 30
$Z\to \tau\tau$ & 100.0M & 0 & 0 & 0 & 0 & 0 \\ 
 & 3543.8  & \textit{0} & \textit{0} & \textit{0} & \textit{0} & \textit{0} \\
----------------------------------------------
MASS = 40
$Z\to \tau\tau$ & 100.0M & 2 & 2 & 2 & 2 & 0 \\ 
 & 3543.8  & \textit{7.1k} & \textit{7.1k} & \textit{7.1k} & \textit{7.1k} & \textit{0} \\
----------------------------------------------
MASS = 50
$Z\to \tau\tau$ & 100.0M & 0 & 0 & 0 & 0 & 0 \\ 
 & 3543.8  & \textit{0} & \textit{0} & \textit{0} & \textit{0} & \textit{0} \\
----------------------------------------------
MASS = 60
$Z\to \tau\tau$ & 100.0M & 3 & 2 & 3 & 3 & 0 \\ 
 & 3543.8  & \textit{10.6k} & \textit{7.1k} & \textit{10.6k} & \textit{10.6k} & \textit{0} \\
----------------------------------------------
MASS = 70
$Z\to \tau\tau$ & 100.0M & 11 & 9 & 11 & 11 & 0 \\ 
 & 3543.8  & \textit{39.0k} & \textit{31.9k} & \textit{39.0k} & \textit{39.0k} & \textit{0} \\
----------------------------------------------
MASS = 80
$Z\to \tau\tau$ & 100.0M & 33 & 24 & 31 & 33 & 0 \\ 
 & 3543.8  & \textit{116.9k} & \textit{85.1k} & \textit{109.9k} & \textit{116.9k} & \textit{0} \\
----------------------------------------------
MASS = 85
$Z\to \tau\tau$ & 100.0M & 10 & 9 & 10 & 10 & 0 \\ 
 & 3543.8  & \textit{35.4k} & \textit{31.9k} & \textit{35.4k} & \textit{35.4k} & \textit{0} \\
   ------------------------------------------------------------------
  | Welcome to ROOT 6.26/10                        https://root.cern |
  | (c) 1995-2021, The ROOT Team; conception: R. Brun, F. Rademakers |
  | Built for linuxx8664gcc on Nov 16 2022, 10:42:54                 |
  | From tags/v6-26-10@v6-26-10                                      |
  | With g++ (Spack GCC) 11.2.0                                      |
  | Try '.help', '.demo', '.license', '.credits', '.quit'/'.q'       |
   ------------------------------------------------------------------


Processing CutFlowTable.C("munuqq",-1,"n/a","../MyExternalAnalysis/results/",-1,"only1L")...
CutFlowOK:: Running on a single file: ../MyExternalAnalysis/results/Winter2023/AnalysisResults-munuqq.root
CutFlowTable.C:: Running on 415583 entries out of 415583
CutFlowTable.C:: Scale factor is 1
0 / 415583
CutFlowTable.C:: oNEntries = 426722
$\mu\nu qq$ & \textit{( 13)}  &    93  &    96  &   100  &     98  &    64  &    99  &   57.494486 \\
   ------------------------------------------------------------------
  | Welcome to ROOT 6.26/10                        https://root.cern |
  | (c) 1995-2021, The ROOT Team; conception: R. Brun, F. Rademakers |
  | Built for linuxx8664gcc on Nov 16 2022, 10:42:54                 |
  | From tags/v6-26-10@v6-26-10                                      |
  | With g++ (Spack GCC) 11.2.0                                      |
  | Try '.help', '.demo', '.license', '.credits', '.quit'/'.q'       |
   ------------------------------------------------------------------


Processing CutFlowTable.C("munuqq",-1,"n/a","../MyExternalAnalysis/results/",-1,"only2M")...
CutFlowOK:: Running on a single file: ../MyExternalAnalysis/results/Winter2023/AnalysisResults-munuqq.root
CutFlowTable.C:: Running on 415583 entries out of 415583
CutFlowTable.C:: Scale factor is 1
0 / 415583
CutFlowTable.C:: oNEntries = 426722
$\mu\nu qq$ & \textit{( 87)}  &    94  &    95  &    99  &    67  &    86  &    96  &    99  &   48.775871 \\
   ------------------------------------------------------------------
  | Welcome to ROOT 6.26/10                        https://root.cern |
  | (c) 1995-2021, The ROOT Team; conception: R. Brun, F. Rademakers |
  | Built for linuxx8664gcc on Nov 16 2022, 10:42:54                 |
  | From tags/v6-26-10@v6-26-10                                      |
  | With g++ (Spack GCC) 11.2.0                                      |
  | Try '.help', '.demo', '.license', '.credits', '.quit'/'.q'       |
   ------------------------------------------------------------------


Processing CutFlowTable.C("munuqq",-1,"n/a","../MyExternalAnalysis/results/",-1,"combined_selection anymass1L2M")...
CutFlowOK:: Running on a single file: ../MyExternalAnalysis/results/Winter2023/AnalysisResults-munuqq.root
CutFlowTable.C:: Running on 415583 entries out of 415583
CutFlowTable.C:: Scale factor is 1
0 / 415583
CutFlowTable.C:: oNEntries = 426722
CutFlowTable.C:: !!!! IMPORTANT !!!!!  The event filter number is correct only if you are running on non skimmed data !!!
$\mu\nu qq$ & 500.0k & 415.6k (51.6k+364.0k) & 200.6k (29.2k+171.4k) & 1.5 \\
   ------------------------------------------------------------------
  | Welcome to ROOT 6.26/10                        https://root.cern |
  | (c) 1995-2021, The ROOT Team; conception: R. Brun, F. Rademakers |
  | Built for linuxx8664gcc on Nov 16 2022, 10:42:54                 |
  | From tags/v6-26-10@v6-26-10                                      |
  | With g++ (Spack GCC) 11.2.0                                      |
  | Try '.help', '.demo', '.license', '.credits', '.quit'/'.q'       |
   ------------------------------------------------------------------


Processing CutFlowTable.C("munuqq",-1,"n/a","../MyExternalAnalysis/results/",-1,"withdcut anymass1L2M")...
CutFlowOK:: Running on a single file: ../MyExternalAnalysis/results/Winter2023/AnalysisResults-munuqq.root
CutFlowTable.C:: Running on 415583 entries out of 415583
CutFlowTable.C:: Scale factor is 1
0 / 415583
CutFlowTable.C:: oNEntries = 426722
CutFlowOK:: Running on a single file: ../MyExternalAnalysis/results/Winter2023/AnalysisResults-munuqq.root
CutFlowOK.C:: Running on 415583 entries out of 415583
CutFlowOK.C:: Scale factor is 1
0 / 415583
Preselection: 426722
One muon    : 415583
Selection   : 200553
CutFlowOK:: Running on a single file: ../MyExternalAnalysis/results/Winter2023/AnalysisResults-munuqq.root
CutFlowOK.C:: Running on 415583 entries out of 415583
CutFlowOK.C:: Scale factor is 1
0 / 415583
Preselection: 426722
One muon    : 415583
Selection   : 200553
----------------------------------------------
MASS = 5
$\mu\nu qq$ & 500.0k & 0 & 0 & 0 & 0 & 0 \\ 
 & 1.5  & \textit{0} & \textit{0} & \textit{0} & \textit{0} & \textit{0} \\
----------------------------------------------
MASS = 10
$\mu\nu qq$ & 500.0k & 66 & 66 & 66 & 66 & 0 \\ 
 & 1.5  & \textit{101.1} & \textit{101.1} & \textit{101.1} & \textit{101.1} & \textit{0} \\
----------------------------------------------
MASS = 20
$\mu\nu qq$ & 500.0k & 4.3k & 4.3k & 4.3k & 4.3k & 0 \\ 
 & 1.5  & \textit{6.7k} & \textit{6.6k} & \textit{6.7k} & \textit{6.7k} & \textit{0} \\
----------------------------------------------
MASS = 30
$\mu\nu qq$ & 500.0k & 14.0k & 14.0k & 14.0k & 14.0k & 0 \\ 
 & 1.5  & \textit{21.5k} & \textit{21.5k} & \textit{21.5k} & \textit{21.5k} & \textit{0} \\
----------------------------------------------
MASS = 40
$\mu\nu qq$ & 500.0k & 16.2k & 16.2k & 16.2k & 16.2k & 0 \\ 
 & 1.5  & \textit{24.9k} & \textit{24.9k} & \textit{24.9k} & \textit{24.9k} & \textit{0} \\
----------------------------------------------
MASS = 50
$\mu\nu qq$ & 500.0k & 19.2k & 19.2k & 19.2k & 19.2k & 0 \\ 
 & 1.5  & \textit{29.5k} & \textit{29.4k} & \textit{29.5k} & \textit{29.5k} & \textit{0} \\
----------------------------------------------
MASS = 60
$\mu\nu qq$ & 500.0k & 20.9k & 20.9k & 20.9k & 20.9k & 0 \\ 
 & 1.5  & \textit{32.1k} & \textit{32.1k} & \textit{32.1k} & \textit{32.1k} & \textit{0} \\
----------------------------------------------
MASS = 70
$\mu\nu qq$ & 500.0k & 18.7k & 18.7k & 18.7k & 18.7k & 0 \\ 
 & 1.5  & \textit{28.7k} & \textit{28.7k} & \textit{28.7k} & \textit{28.7k} & \textit{0} \\
----------------------------------------------
MASS = 80
$\mu\nu qq$ & 500.0k & 12.3k & 12.3k & 12.3k & 12.3k & 0 \\ 
 & 1.5  & \textit{18.9k} & \textit{18.9k} & \textit{18.9k} & \textit{18.9k} & \textit{0} \\
----------------------------------------------
MASS = 85
$\mu\nu qq$ & 500.0k & 6.0k & 6.0k & 6.0k & 6.0k & 0 \\ 
 & 1.5  & \textit{9.2k} & \textit{9.1k} & \textit{9.2k} & \textit{9.2k} & \textit{0} \\
   ------------------------------------------------------------------
  | Welcome to ROOT 6.26/10                        https://root.cern |
  | (c) 1995-2021, The ROOT Team; conception: R. Brun, F. Rademakers |
  | Built for linuxx8664gcc on Nov 16 2022, 10:42:54                 |
  | From tags/v6-26-10@v6-26-10                                      |
  | With g++ (Spack GCC) 11.2.0                                      |
  | Try '.help', '.demo', '.license', '.credits', '.quit'/'.q'       |
   ------------------------------------------------------------------


Processing CutFlowTable.C("Zbb",-1,"n/a","../MyExternalAnalysis/results/",-1,"only1L")...
CutFlowOK:: Running on a single file: ../MyExternalAnalysis/results/Winter2023/AnalysisResults-Zbb_highstat.root
CutFlowTable.C:: Running on 50053021 entries out of 50053021
CutFlowTable.C:: Scale factor is 1
0 / 50053021
CutFlowTable.C:: oNEntries = 595463
1000000 / 50053021
2000000 / 50053021
3000000 / 50053021
4000000 / 50053021
5000000 / 50053021
6000000 / 50053021
7000000 / 50053021
8000000 / 50053021
9000000 / 50053021
10000000 / 50053021
11000000 / 50053021
12000000 / 50053021
13000000 / 50053021
14000000 / 50053021
15000000 / 50053021
16000000 / 50053021
17000000 / 50053021
18000000 / 50053021
19000000 / 50053021
20000000 / 50053021
21000000 / 50053021
22000000 / 50053021
23000000 / 50053021
24000000 / 50053021
25000000 / 50053021
26000000 / 50053021
27000000 / 50053021
28000000 / 50053021
29000000 / 50053021
30000000 / 50053021
31000000 / 50053021
32000000 / 50053021
33000000 / 50053021
34000000 / 50053021
35000000 / 50053021
36000000 / 50053021
37000000 / 50053021
38000000 / 50053021
39000000 / 50053021
40000000 / 50053021
41000000 / 50053021
42000000 / 50053021
43000000 / 50053021
44000000 / 50053021
45000000 / 50053021
46000000 / 50053021
47000000 / 50053021
48000000 / 50053021
49000000 / 50053021
50000000 / 50053021
$Z\to bb$ & \textit{(  0)}  &    31  &    31  &   100  &     92  &    30  &    39  &   0.031969 \\
   ------------------------------------------------------------------
  | Welcome to ROOT 6.26/10                        https://root.cern |
  | (c) 1995-2021, The ROOT Team; conception: R. Brun, F. Rademakers |
  | Built for linuxx8664gcc on Nov 16 2022, 10:42:54                 |
  | From tags/v6-26-10@v6-26-10                                      |
  | With g++ (Spack GCC) 11.2.0                                      |
  | Try '.help', '.demo', '.license', '.credits', '.quit'/'.q'       |
   ------------------------------------------------------------------


Processing CutFlowTable.C("Zbb",-1,"n/a","../MyExternalAnalysis/results/",-1,"only2M")...
CutFlowOK:: Running on a single file: ../MyExternalAnalysis/results/Winter2023/AnalysisResults-Zbb_highstat.root
CutFlowTable.C:: Running on 50053021 entries out of 50053021
CutFlowTable.C:: Scale factor is 1
0 / 50053021
CutFlowTable.C:: oNEntries = 595463
1000000 / 50053021
2000000 / 50053021
3000000 / 50053021
4000000 / 50053021
5000000 / 50053021
6000000 / 50053021
7000000 / 50053021
8000000 / 50053021
9000000 / 50053021
10000000 / 50053021
11000000 / 50053021
12000000 / 50053021
13000000 / 50053021
14000000 / 50053021
15000000 / 50053021
16000000 / 50053021
17000000 / 50053021
18000000 / 50053021
19000000 / 50053021
20000000 / 50053021
21000000 / 50053021
22000000 / 50053021
23000000 / 50053021
24000000 / 50053021
25000000 / 50053021
26000000 / 50053021
27000000 / 50053021
28000000 / 50053021
29000000 / 50053021
30000000 / 50053021
31000000 / 50053021
32000000 / 50053021
33000000 / 50053021
34000000 / 50053021
35000000 / 50053021
36000000 / 50053021
37000000 / 50053021
38000000 / 50053021
39000000 / 50053021
40000000 / 50053021
41000000 / 50053021
42000000 / 50053021
43000000 / 50053021
44000000 / 50053021
45000000 / 50053021
46000000 / 50053021
47000000 / 50053021
48000000 / 50053021
49000000 / 50053021
50000000 / 50053021
$Z\to bb$ & \textit{(100)}  &    91  &    11  &   100  &     1  &     7  &    32  &    95  &   0.033598 \\
   ------------------------------------------------------------------
  | Welcome to ROOT 6.26/10                        https://root.cern |
  | (c) 1995-2021, The ROOT Team; conception: R. Brun, F. Rademakers |
  | Built for linuxx8664gcc on Nov 16 2022, 10:42:54                 |
  | From tags/v6-26-10@v6-26-10                                      |
  | With g++ (Spack GCC) 11.2.0                                      |
  | Try '.help', '.demo', '.license', '.credits', '.quit'/'.q'       |
   ------------------------------------------------------------------


Processing CutFlowTable.C("Zbb",-1,"n/a","../MyExternalAnalysis/results/",-1,"combined_selection anymass1L2M")...
CutFlowOK:: Running on a single file: ../MyExternalAnalysis/results/Winter2023/AnalysisResults-Zbb_highstat.root
CutFlowTable.C:: Running on 50053021 entries out of 50053021
CutFlowTable.C:: Scale factor is 1
0 / 50053021
CutFlowTable.C:: oNEntries = 595463
1000000 / 50053021
2000000 / 50053021
3000000 / 50053021
4000000 / 50053021
5000000 / 50053021
6000000 / 50053021
7000000 / 50053021
8000000 / 50053021
9000000 / 50053021
10000000 / 50053021
11000000 / 50053021
12000000 / 50053021
13000000 / 50053021
14000000 / 50053021
15000000 / 50053021
16000000 / 50053021
17000000 / 50053021
18000000 / 50053021
19000000 / 50053021
20000000 / 50053021
21000000 / 50053021
22000000 / 50053021
23000000 / 50053021
24000000 / 50053021
25000000 / 50053021
26000000 / 50053021
27000000 / 50053021
28000000 / 50053021
29000000 / 50053021
30000000 / 50053021
31000000 / 50053021
32000000 / 50053021
33000000 / 50053021
34000000 / 50053021
35000000 / 50053021
36000000 / 50053021
37000000 / 50053021
38000000 / 50053021
39000000 / 50053021
40000000 / 50053021
41000000 / 50053021
42000000 / 50053021
43000000 / 50053021
44000000 / 50053021
45000000 / 50053021
46000000 / 50053021
47000000 / 50053021
48000000 / 50053021
49000000 / 50053021
50000000 / 50053021
CutFlowTable.C:: !!!! IMPORTANT !!!!!  The event filter number is correct only if you are running on non skimmed data !!!
$Z\to bb$ & 430.0M & 50.1M (3.6k+50.0M) & 12.4k (1+12.4k) & 3709.2 \\
   ------------------------------------------------------------------
  | Welcome to ROOT 6.26/10                        https://root.cern |
  | (c) 1995-2021, The ROOT Team; conception: R. Brun, F. Rademakers |
  | Built for linuxx8664gcc on Nov 16 2022, 10:42:54                 |
  | From tags/v6-26-10@v6-26-10                                      |
  | With g++ (Spack GCC) 11.2.0                                      |
  | Try '.help', '.demo', '.license', '.credits', '.quit'/'.q'       |
   ------------------------------------------------------------------


Processing CutFlowTable.C("Zbb",-1,"n/a","../MyExternalAnalysis/results/",-1,"withdcut anymass1L2M")...
CutFlowOK:: Running on a single file: ../MyExternalAnalysis/results/Winter2023/AnalysisResults-Zbb_highstat.root
CutFlowTable.C:: Running on 50053021 entries out of 50053021
CutFlowTable.C:: Scale factor is 1
0 / 50053021
CutFlowTable.C:: oNEntries = 595463
1000000 / 50053021
2000000 / 50053021
3000000 / 50053021
4000000 / 50053021
5000000 / 50053021
6000000 / 50053021
7000000 / 50053021
8000000 / 50053021
9000000 / 50053021
10000000 / 50053021
11000000 / 50053021
12000000 / 50053021
13000000 / 50053021
14000000 / 50053021
15000000 / 50053021
16000000 / 50053021
17000000 / 50053021
18000000 / 50053021
19000000 / 50053021
20000000 / 50053021
21000000 / 50053021
22000000 / 50053021
23000000 / 50053021
24000000 / 50053021
25000000 / 50053021
26000000 / 50053021
27000000 / 50053021
28000000 / 50053021
29000000 / 50053021
30000000 / 50053021
31000000 / 50053021
32000000 / 50053021
33000000 / 50053021
34000000 / 50053021
35000000 / 50053021
36000000 / 50053021
37000000 / 50053021
38000000 / 50053021
39000000 / 50053021
40000000 / 50053021
41000000 / 50053021
42000000 / 50053021
43000000 / 50053021
44000000 / 50053021
45000000 / 50053021
46000000 / 50053021
47000000 / 50053021
48000000 / 50053021
49000000 / 50053021
50000000 / 50053021
CutFlowOK:: Running on a single file: ../MyExternalAnalysis/results/Winter2023/AnalysisResults-Zbb_highstat.root
CutFlowOK.C:: Running on 50053021 entries out of 50053021
CutFlowOK.C:: Scale factor is 1
0 / 50053021
1000000 / 50053021
2000000 / 50053021
3000000 / 50053021
4000000 / 50053021
5000000 / 50053021
6000000 / 50053021
7000000 / 50053021
8000000 / 50053021
9000000 / 50053021
10000000 / 50053021
11000000 / 50053021
12000000 / 50053021
13000000 / 50053021
14000000 / 50053021
15000000 / 50053021
16000000 / 50053021
17000000 / 50053021
18000000 / 50053021
19000000 / 50053021
20000000 / 50053021
21000000 / 50053021
22000000 / 50053021
23000000 / 50053021
24000000 / 50053021
25000000 / 50053021
26000000 / 50053021
27000000 / 50053021
28000000 / 50053021
29000000 / 50053021
30000000 / 50053021
31000000 / 50053021
32000000 / 50053021
33000000 / 50053021
34000000 / 50053021
35000000 / 50053021
36000000 / 50053021
37000000 / 50053021
38000000 / 50053021
39000000 / 50053021
40000000 / 50053021
41000000 / 50053021
42000000 / 50053021
43000000 / 50053021
44000000 / 50053021
45000000 / 50053021
46000000 / 50053021
47000000 / 50053021
48000000 / 50053021
49000000 / 50053021
50000000 / 50053021
Preselection: 582033
One muon    : 5.0053e+07
Selection   : 12438
CutFlowOK:: Running on a single file: ../MyExternalAnalysis/results/Winter2023/AnalysisResults-Zbb_highstat.root
CutFlowOK.C:: Running on 50053021 entries out of 50053021
CutFlowOK.C:: Scale factor is 1
0 / 50053021
1000000 / 50053021
2000000 / 50053021
3000000 / 50053021
4000000 / 50053021
5000000 / 50053021
6000000 / 50053021
7000000 / 50053021
8000000 / 50053021
9000000 / 50053021
10000000 / 50053021
11000000 / 50053021
12000000 / 50053021
13000000 / 50053021
14000000 / 50053021
15000000 / 50053021
16000000 / 50053021
17000000 / 50053021
18000000 / 50053021
19000000 / 50053021
20000000 / 50053021
21000000 / 50053021
22000000 / 50053021
23000000 / 50053021
24000000 / 50053021
25000000 / 50053021
26000000 / 50053021
27000000 / 50053021
28000000 / 50053021
29000000 / 50053021
30000000 / 50053021
31000000 / 50053021
32000000 / 50053021
33000000 / 50053021
34000000 / 50053021
35000000 / 50053021
36000000 / 50053021
37000000 / 50053021
38000000 / 50053021
39000000 / 50053021
40000000 / 50053021
41000000 / 50053021
42000000 / 50053021
43000000 / 50053021
44000000 / 50053021
45000000 / 50053021
46000000 / 50053021
47000000 / 50053021
48000000 / 50053021
49000000 / 50053021
50000000 / 50053021
Preselection: 582033
One muon    : 5.0053e+07
Selection   : 12438
----------------------------------------------
MASS = 5
$Z\to bb$ & 430.0M & 0 & 0 & 0 & 0 & 0 \\ 
 & 3709.2  & \textit{0} & \textit{0} & \textit{0} & \textit{0} & \textit{0} \\
----------------------------------------------
MASS = 10
$Z\to bb$ & 430.0M & 0 & 0 & 0 & 0 & 0 \\ 
 & 3709.2  & \textit{0} & \textit{0} & \textit{0} & \textit{0} & \textit{0} \\
----------------------------------------------
MASS = 20
$Z\to bb$ & 430.0M & 0 & 0 & 0 & 0 & 0 \\ 
 & 3709.2  & \textit{0} & \textit{0} & \textit{0} & \textit{0} & \textit{0} \\
----------------------------------------------
MASS = 30
$Z\to bb$ & 430.0M & 0 & 0 & 0 & 0 & 0 \\ 
 & 3709.2  & \textit{0} & \textit{0} & \textit{0} & \textit{0} & \textit{0} \\
----------------------------------------------
MASS = 40
$Z\to bb$ & 430.0M & 0 & 0 & 0 & 0 & 0 \\ 
 & 3709.2  & \textit{0} & \textit{0} & \textit{0} & \textit{0} & \textit{0} \\
----------------------------------------------
MASS = 50
$Z\to bb$ & 430.0M & 4 & 1 & 2 & 4 & 0 \\ 
 & 3709.2  & \textit{14.8k} & \textit{3.7k} & \textit{7.4k} & \textit{14.8k} & \textit{0} \\
----------------------------------------------
MASS = 60
$Z\to bb$ & 430.0M & 52 & 14 & 33 & 51 & 1 \\ 
 & 3709.2  & \textit{192.9k} & \textit{51.9k} & \textit{122.4k} & \textit{189.2k} & \textit{3.7k} \\
----------------------------------------------
MASS = 70
$Z\to bb$ & 430.0M & 252 & 90 & 142 & 248 & 4 \\ 
 & 3709.2  & \textit{934.7k} & \textit{333.8k} & \textit{526.7k} & \textit{919.9k} & \textit{14.8k} \\
----------------------------------------------
MASS = 80
$Z\to bb$ & 430.0M & 2.1k & 679 & 1.1k & 2.1k & 30 \\ 
 & 3709.2  & \textit{7.8M} & \textit{2.5M} & \textit{4.2M} & \textit{7.7M} & \textit{111.3k} \\
----------------------------------------------
MASS = 85
$Z\to bb$ & 430.0M & 1.7k & 560 & 894 & 1.6k & 8 \\ 
 & 3709.2  & \textit{6.1M} & \textit{2.1M} & \textit{3.3M} & \textit{6.1M} & \textit{29.7k} \\
   ------------------------------------------------------------------
  | Welcome to ROOT 6.26/10                        https://root.cern |
  | (c) 1995-2021, The ROOT Team; conception: R. Brun, F. Rademakers |
  | Built for linuxx8664gcc on Nov 16 2022, 10:42:54                 |
  | From tags/v6-26-10@v6-26-10                                      |
  | With g++ (Spack GCC) 11.2.0                                      |
  | Try '.help', '.demo', '.license', '.credits', '.quit'/'.q'       |
   ------------------------------------------------------------------


Processing CutFlowTable.C("Zcc",-1,"n/a","../MyExternalAnalysis/results/",-1,"only1L")...
CutFlowOK:: Running on a single file: ../MyExternalAnalysis/results/Winter2023/AnalysisResults-Zcc_highstat.root
CutFlowTable.C:: Running on 26711812 entries out of 26711812
CutFlowTable.C:: Scale factor is 1
0 / 26711812
CutFlowTable.C:: oNEntries = 289268
1000000 / 26711812
2000000 / 26711812
3000000 / 26711812
4000000 / 26711812
5000000 / 26711812
6000000 / 26711812
7000000 / 26711812
8000000 / 26711812
9000000 / 26711812
10000000 / 26711812
11000000 / 26711812
12000000 / 26711812
13000000 / 26711812
14000000 / 26711812
15000000 / 26711812
16000000 / 26711812
17000000 / 26711812
18000000 / 26711812
19000000 / 26711812
20000000 / 26711812
21000000 / 26711812
22000000 / 26711812
23000000 / 26711812
24000000 / 26711812
25000000 / 26711812
26000000 / 26711812
$Z\to cc$ & \textit{(  0)}  &    63  &    30  &   100  &     92  &    29  &    73  &   0.019286 \\
   ------------------------------------------------------------------
  | Welcome to ROOT 6.26/10                        https://root.cern |
  | (c) 1995-2021, The ROOT Team; conception: R. Brun, F. Rademakers |
  | Built for linuxx8664gcc on Nov 16 2022, 10:42:54                 |
  | From tags/v6-26-10@v6-26-10                                      |
  | With g++ (Spack GCC) 11.2.0                                      |
  | Try '.help', '.demo', '.license', '.credits', '.quit'/'.q'       |
   ------------------------------------------------------------------


Processing CutFlowTable.C("Zcc",-1,"n/a","../MyExternalAnalysis/results/",-1,"only2M")...
CutFlowOK:: Running on a single file: ../MyExternalAnalysis/results/Winter2023/AnalysisResults-Zcc_highstat.root
CutFlowTable.C:: Running on 26711812 entries out of 26711812
CutFlowTable.C:: Scale factor is 1
0 / 26711812
CutFlowTable.C:: oNEntries = 289268
1000000 / 26711812
2000000 / 26711812
3000000 / 26711812
4000000 / 26711812
5000000 / 26711812
6000000 / 26711812
7000000 / 26711812
8000000 / 26711812
9000000 / 26711812
10000000 / 26711812
11000000 / 26711812
12000000 / 26711812
13000000 / 26711812
14000000 / 26711812
15000000 / 26711812
16000000 / 26711812
17000000 / 26711812
18000000 / 26711812
19000000 / 26711812
20000000 / 26711812
21000000 / 26711812
22000000 / 26711812
23000000 / 26711812
24000000 / 26711812
25000000 / 26711812
26000000 / 26711812
$Z\to cc$ & \textit{(100)}  &    92  &     6  &   100  &     1  &     5  &    15  &    98  &   0.006667 \\
   ------------------------------------------------------------------
  | Welcome to ROOT 6.26/10                        https://root.cern |
  | (c) 1995-2021, The ROOT Team; conception: R. Brun, F. Rademakers |
  | Built for linuxx8664gcc on Nov 16 2022, 10:42:54                 |
  | From tags/v6-26-10@v6-26-10                                      |
  | With g++ (Spack GCC) 11.2.0                                      |
  | Try '.help', '.demo', '.license', '.credits', '.quit'/'.q'       |
   ------------------------------------------------------------------


Processing CutFlowTable.C("Zcc",-1,"n/a","../MyExternalAnalysis/results/",-1,"combined_selection anymass1L2M")...
CutFlowOK:: Running on a single file: ../MyExternalAnalysis/results/Winter2023/AnalysisResults-Zcc_highstat.root
CutFlowTable.C:: Running on 26711812 entries out of 26711812
CutFlowTable.C:: Scale factor is 1
0 / 26711812
CutFlowTable.C:: oNEntries = 289268
1000000 / 26711812
2000000 / 26711812
3000000 / 26711812
4000000 / 26711812
5000000 / 26711812
6000000 / 26711812
7000000 / 26711812
8000000 / 26711812
9000000 / 26711812
10000000 / 26711812
11000000 / 26711812
12000000 / 26711812
13000000 / 26711812
14000000 / 26711812
15000000 / 26711812
16000000 / 26711812
17000000 / 26711812
18000000 / 26711812
19000000 / 26711812
20000000 / 26711812
21000000 / 26711812
22000000 / 26711812
23000000 / 26711812
24000000 / 26711812
25000000 / 26711812
26000000 / 26711812
CutFlowTable.C:: !!!! IMPORTANT !!!!!  The event filter number is correct only if you are running on non skimmed data !!!
$Z\to cc$ & 489.9M & 26.7M (5.6k+26.7M) & 1.6k (1+1.6k) & 2555.1 \\
   ------------------------------------------------------------------
  | Welcome to ROOT 6.26/10                        https://root.cern |
  | (c) 1995-2021, The ROOT Team; conception: R. Brun, F. Rademakers |
  | Built for linuxx8664gcc on Nov 16 2022, 10:42:54                 |
  | From tags/v6-26-10@v6-26-10                                      |
  | With g++ (Spack GCC) 11.2.0                                      |
  | Try '.help', '.demo', '.license', '.credits', '.quit'/'.q'       |
   ------------------------------------------------------------------


Processing CutFlowTable.C("Zcc",-1,"n/a","../MyExternalAnalysis/results/",-1,"withdcut anymass1L2M")...
CutFlowOK:: Running on a single file: ../MyExternalAnalysis/results/Winter2023/AnalysisResults-Zcc_highstat.root
CutFlowTable.C:: Running on 26711812 entries out of 26711812
CutFlowTable.C:: Scale factor is 1
0 / 26711812
CutFlowTable.C:: oNEntries = 289268
1000000 / 26711812
2000000 / 26711812
3000000 / 26711812
4000000 / 26711812
5000000 / 26711812
6000000 / 26711812
7000000 / 26711812
8000000 / 26711812
9000000 / 26711812
10000000 / 26711812
11000000 / 26711812
12000000 / 26711812
13000000 / 26711812
14000000 / 26711812
15000000 / 26711812
16000000 / 26711812
17000000 / 26711812
18000000 / 26711812
19000000 / 26711812
20000000 / 26711812
21000000 / 26711812
22000000 / 26711812
23000000 / 26711812
24000000 / 26711812
25000000 / 26711812
26000000 / 26711812
CutFlowOK:: Running on a single file: ../MyExternalAnalysis/results/Winter2023/AnalysisResults-Zcc_highstat.root
CutFlowOK.C:: Running on 26711812 entries out of 26711812
CutFlowOK.C:: Scale factor is 1
0 / 26711812
1000000 / 26711812
2000000 / 26711812
3000000 / 26711812
4000000 / 26711812
5000000 / 26711812
6000000 / 26711812
7000000 / 26711812
8000000 / 26711812
9000000 / 26711812
10000000 / 26711812
11000000 / 26711812
12000000 / 26711812
13000000 / 26711812
14000000 / 26711812
15000000 / 26711812
16000000 / 26711812
17000000 / 26711812
18000000 / 26711812
19000000 / 26711812
20000000 / 26711812
21000000 / 26711812
22000000 / 26711812
23000000 / 26711812
24000000 / 26711812
25000000 / 26711812
26000000 / 26711812
Preselection: 283926
One muon    : 2.67118e+07
Selection   : 1632
CutFlowOK:: Running on a single file: ../MyExternalAnalysis/results/Winter2023/AnalysisResults-Zcc_highstat.root
CutFlowOK.C:: Running on 26711812 entries out of 26711812
CutFlowOK.C:: Scale factor is 1
0 / 26711812
1000000 / 26711812
2000000 / 26711812
3000000 / 26711812
4000000 / 26711812
5000000 / 26711812
6000000 / 26711812
7000000 / 26711812
8000000 / 26711812
9000000 / 26711812
10000000 / 26711812
11000000 / 26711812
12000000 / 26711812
13000000 / 26711812
14000000 / 26711812
15000000 / 26711812
16000000 / 26711812
17000000 / 26711812
18000000 / 26711812
19000000 / 26711812
20000000 / 26711812
21000000 / 26711812
22000000 / 26711812
23000000 / 26711812
24000000 / 26711812
25000000 / 26711812
26000000 / 26711812
Preselection: 283926
One muon    : 2.67118e+07
Selection   : 1632
----------------------------------------------
MASS = 5
$Z\to cc$ & 489.9M & 0 & 0 & 0 & 0 & 0 \\ 
 & 2555.1  & \textit{0} & \textit{0} & \textit{0} & \textit{0} & \textit{0} \\
----------------------------------------------
MASS = 10
$Z\to cc$ & 489.9M & 0 & 0 & 0 & 0 & 0 \\ 
 & 2555.1  & \textit{0} & \textit{0} & \textit{0} & \textit{0} & \textit{0} \\
----------------------------------------------
MASS = 20
$Z\to cc$ & 489.9M & 0 & 0 & 0 & 0 & 0 \\ 
 & 2555.1  & \textit{0} & \textit{0} & \textit{0} & \textit{0} & \textit{0} \\
----------------------------------------------
MASS = 30
$Z\to cc$ & 489.9M & 1 & 0 & 0 & 1 & 0 \\ 
 & 2555.1  & \textit{2.6k} & \textit{0} & \textit{0} & \textit{2.6k} & \textit{0} \\
----------------------------------------------
MASS = 40
$Z\to cc$ & 489.9M & 1 & 1 & 1 & 1 & 0 \\ 
 & 2555.1  & \textit{2.6k} & \textit{2.6k} & \textit{2.6k} & \textit{2.6k} & \textit{0} \\
----------------------------------------------
MASS = 50
$Z\to cc$ & 489.9M & 9 & 6 & 7 & 9 & 0 \\ 
 & 2555.1  & \textit{23.0k} & \textit{15.3k} & \textit{17.9k} & \textit{23.0k} & \textit{0} \\
----------------------------------------------
MASS = 60
$Z\to cc$ & 489.9M & 20 & 11 & 16 & 20 & 0 \\ 
 & 2555.1  & \textit{51.1k} & \textit{28.1k} & \textit{40.9k} & \textit{51.1k} & \textit{0} \\
----------------------------------------------
MASS = 70
$Z\to cc$ & 489.9M & 65 & 34 & 50 & 65 & 0 \\ 
 & 2555.1  & \textit{166.1k} & \textit{86.9k} & \textit{127.8k} & \textit{166.1k} & \textit{0} \\
----------------------------------------------
MASS = 80
$Z\to cc$ & 489.9M & 218 & 108 & 158 & 218 & 0 \\ 
 & 2555.1  & \textit{557.0k} & \textit{275.9k} & \textit{403.7k} & \textit{557.0k} & \textit{0} \\
----------------------------------------------
MASS = 85
$Z\to cc$ & 489.9M & 176 & 92 & 129 & 176 & 0 \\ 
 & 2555.1  & \textit{449.7k} & \textit{235.1k} & \textit{329.6k} & \textit{449.7k} & \textit{0} \\
   ------------------------------------------------------------------
  | Welcome to ROOT 6.26/10                        https://root.cern |
  | (c) 1995-2021, The ROOT Team; conception: R. Brun, F. Rademakers |
  | Built for linuxx8664gcc on Nov 16 2022, 10:42:54                 |
  | From tags/v6-26-10@v6-26-10                                      |
  | With g++ (Spack GCC) 11.2.0                                      |
  | Try '.help', '.demo', '.license', '.credits', '.quit'/'.q'       |
   ------------------------------------------------------------------


Processing CutFlowTable.C("Zss",-1,"n/a","../MyExternalAnalysis/results/",-1,"only1L")...
CutFlowOK:: Running on a single file: ../MyExternalAnalysis/results/Winter2023/AnalysisResults-Zss_highstat.root
CutFlowTable.C:: Running on 137464 entries out of 137464
CutFlowTable.C:: Scale factor is 1
0 / 137464
CutFlowTable.C:: oNEntries = 148623
$Z\to ss$ & \textit{(  0)}  &    69  &    75  &   100  &     56  &    69  &    81  &   12.500000 \\
   ------------------------------------------------------------------
  | Welcome to ROOT 6.26/10                        https://root.cern |
  | (c) 1995-2021, The ROOT Team; conception: R. Brun, F. Rademakers |
  | Built for linuxx8664gcc on Nov 16 2022, 10:42:54                 |
  | From tags/v6-26-10@v6-26-10                                      |
  | With g++ (Spack GCC) 11.2.0                                      |
  | Try '.help', '.demo', '.license', '.credits', '.quit'/'.q'       |
   ------------------------------------------------------------------


Processing CutFlowTable.C("Zss",-1,"n/a","../MyExternalAnalysis/results/",-1,"only2M")...
CutFlowOK:: Running on a single file: ../MyExternalAnalysis/results/Winter2023/AnalysisResults-Zss_highstat.root
CutFlowTable.C:: Running on 137464 entries out of 137464
CutFlowTable.C:: Scale factor is 1
0 / 137464
CutFlowTable.C:: oNEntries = 148623
$Z\to ss$ & \textit{(100)}  &    84  &    22  &   100  &     2  &    34  &    67  &    98  &   0.177285 \\
   ------------------------------------------------------------------
  | Welcome to ROOT 6.26/10                        https://root.cern |
  | (c) 1995-2021, The ROOT Team; conception: R. Brun, F. Rademakers |
  | Built for linuxx8664gcc on Nov 16 2022, 10:42:54                 |
  | From tags/v6-26-10@v6-26-10                                      |
  | With g++ (Spack GCC) 11.2.0                                      |
  | Try '.help', '.demo', '.license', '.credits', '.quit'/'.q'       |
   ------------------------------------------------------------------


Processing CutFlowTable.C("Zss",-1,"n/a","../MyExternalAnalysis/results/",-1,"combined_selection anymass1L2M")...
CutFlowOK:: Running on a single file: ../MyExternalAnalysis/results/Winter2023/AnalysisResults-Zss_highstat.root
CutFlowTable.C:: Running on 137464 entries out of 137464
CutFlowTable.C:: Scale factor is 1
0 / 137464
CutFlowTable.C:: oNEntries = 148623
CutFlowTable.C:: !!!! IMPORTANT !!!!!  The event filter number is correct only if you are running on non skimmed data !!!
$Z\to ss$ & 499.8M & 137.5k (16+137.4k) & 222 (2+220) & 3190.8 \\
   ------------------------------------------------------------------
  | Welcome to ROOT 6.26/10                        https://root.cern |
  | (c) 1995-2021, The ROOT Team; conception: R. Brun, F. Rademakers |
  | Built for linuxx8664gcc on Nov 16 2022, 10:42:54                 |
  | From tags/v6-26-10@v6-26-10                                      |
  | With g++ (Spack GCC) 11.2.0                                      |
  | Try '.help', '.demo', '.license', '.credits', '.quit'/'.q'       |
   ------------------------------------------------------------------


Processing CutFlowTable.C("Zss",-1,"n/a","../MyExternalAnalysis/results/",-1,"withdcut anymass1L2M")...
CutFlowOK:: Running on a single file: ../MyExternalAnalysis/results/Winter2023/AnalysisResults-Zss_highstat.root
CutFlowTable.C:: Running on 137464 entries out of 137464
CutFlowTable.C:: Scale factor is 1
0 / 137464
CutFlowTable.C:: oNEntries = 148623
CutFlowOK:: Running on a single file: ../MyExternalAnalysis/results/Winter2023/AnalysisResults-Zss_highstat.root
CutFlowOK.C:: Running on 137464 entries out of 137464
CutFlowOK.C:: Scale factor is 1
0 / 137464
Preselection: 148623
One muon    : 137464
Selection   : 222
CutFlowOK:: Running on a single file: ../MyExternalAnalysis/results/Winter2023/AnalysisResults-Zss_highstat.root
CutFlowOK.C:: Running on 137464 entries out of 137464
CutFlowOK.C:: Scale factor is 1
0 / 137464
Preselection: 148623
One muon    : 137464
Selection   : 222
----------------------------------------------
MASS = 5
$Z\to ss$ & 499.8M & 0 & 0 & 0 & 0 & 0 \\ 
 & 3190.8  & \textit{0} & \textit{0} & \textit{0} & \textit{0} & \textit{0} \\
----------------------------------------------
MASS = 10
$Z\to ss$ & 499.8M & 0 & 0 & 0 & 0 & 0 \\ 
 & 3190.8  & \textit{0} & \textit{0} & \textit{0} & \textit{0} & \textit{0} \\
----------------------------------------------
MASS = 20
$Z\to ss$ & 499.8M & 0 & 0 & 0 & 0 & 0 \\ 
 & 3190.8  & \textit{0} & \textit{0} & \textit{0} & \textit{0} & \textit{0} \\
----------------------------------------------
MASS = 30
$Z\to ss$ & 499.8M & 0 & 0 & 0 & 0 & 0 \\ 
 & 3190.8  & \textit{0} & \textit{0} & \textit{0} & \textit{0} & \textit{0} \\
----------------------------------------------
MASS = 40
$Z\to ss$ & 499.8M & 3 & 2 & 3 & 3 & 0 \\ 
 & 3190.8  & \textit{9.6k} & \textit{6.4k} & \textit{9.6k} & \textit{9.6k} & \textit{0} \\
----------------------------------------------
MASS = 50
$Z\to ss$ & 499.8M & 12 & 7 & 10 & 12 & 0 \\ 
 & 3190.8  & \textit{38.3k} & \textit{22.3k} & \textit{31.9k} & \textit{38.3k} & \textit{0} \\
----------------------------------------------
MASS = 60
$Z\to ss$ & 499.8M & 33 & 18 & 26 & 33 & 0 \\ 
 & 3190.8  & \textit{105.3k} & \textit{57.4k} & \textit{83.0k} & \textit{105.3k} & \textit{0} \\
----------------------------------------------
MASS = 70
$Z\to ss$ & 499.8M & 17 & 9 & 11 & 16 & 1 \\ 
 & 3190.8  & \textit{54.2k} & \textit{28.7k} & \textit{35.1k} & \textit{51.1k} & \textit{3.2k} \\
----------------------------------------------
MASS = 80
$Z\to ss$ & 499.8M & 14 & 6 & 8 & 14 & 0 \\ 
 & 3190.8  & \textit{44.7k} & \textit{19.1k} & \textit{25.5k} & \textit{44.7k} & \textit{0} \\
----------------------------------------------
MASS = 85
$Z\to ss$ & 499.8M & 9 & 3 & 4 & 9 & 0 \\ 
 & 3190.8  & \textit{28.7k} & \textit{9.6k} & \textit{12.8k} & \textit{28.7k} & \textit{0} \\
   ------------------------------------------------------------------
  | Welcome to ROOT 6.26/10                        https://root.cern |
  | (c) 1995-2021, The ROOT Team; conception: R. Brun, F. Rademakers |
  | Built for linuxx8664gcc on Nov 16 2022, 10:42:54                 |
  | From tags/v6-26-10@v6-26-10                                      |
  | With g++ (Spack GCC) 11.2.0                                      |
  | Try '.help', '.demo', '.license', '.credits', '.quit'/'.q'       |
   ------------------------------------------------------------------


Processing CutFlowTable.C("Zud",-1,"n/a","../MyExternalAnalysis/results/",-1,"only1L")...
CutFlowOK:: Running on a single file: ../MyExternalAnalysis/results/Winter2023/AnalysisResults-Zud_highstat.root
CutFlowTable.C:: Running on 127203 entries out of 127203
CutFlowTable.C:: Scale factor is 1
0 / 127203
CutFlowTable.C:: oNEntries = 137490
$Z\to u/d$ & \textit{(  0)}  &    21  &    64  &   100  &     57  &    64  &    36  &   0.000000 \\
   ------------------------------------------------------------------
  | Welcome to ROOT 6.26/10                        https://root.cern |
  | (c) 1995-2021, The ROOT Team; conception: R. Brun, F. Rademakers |
  | Built for linuxx8664gcc on Nov 16 2022, 10:42:54                 |
  | From tags/v6-26-10@v6-26-10                                      |
  | With g++ (Spack GCC) 11.2.0                                      |
  | Try '.help', '.demo', '.license', '.credits', '.quit'/'.q'       |
   ------------------------------------------------------------------


Processing CutFlowTable.C("Zud",-1,"n/a","../MyExternalAnalysis/results/",-1,"only2M")...
CutFlowOK:: Running on a single file: ../MyExternalAnalysis/results/Winter2023/AnalysisResults-Zud_highstat.root
CutFlowTable.C:: Running on 127203 entries out of 127203
CutFlowTable.C:: Scale factor is 1
0 / 127203
CutFlowTable.C:: oNEntries = 137490
$Z\to u/d$ & \textit{(100)}  &    83  &    17  &   100  &     2  &    34  &    66  &    99  &   0.069406 \\
   ------------------------------------------------------------------
  | Welcome to ROOT 6.26/10                        https://root.cern |
  | (c) 1995-2021, The ROOT Team; conception: R. Brun, F. Rademakers |
  | Built for linuxx8664gcc on Nov 16 2022, 10:42:54                 |
  | From tags/v6-26-10@v6-26-10                                      |
  | With g++ (Spack GCC) 11.2.0                                      |
  | Try '.help', '.demo', '.license', '.credits', '.quit'/'.q'       |
   ------------------------------------------------------------------


Processing CutFlowTable.C("Zud",-1,"n/a","../MyExternalAnalysis/results/",-1,"combined_selection anymass1L2M")...
CutFlowOK:: Running on a single file: ../MyExternalAnalysis/results/Winter2023/AnalysisResults-Zud_highstat.root
CutFlowTable.C:: Running on 127203 entries out of 127203
CutFlowTable.C:: Scale factor is 1
0 / 127203
CutFlowTable.C:: oNEntries = 137490
CutFlowTable.C:: !!!! IMPORTANT !!!!!  The event filter number is correct only if you are running on non skimmed data !!!
$Z\to u/d$ & 497.7M & 127.2k (15+127.2k) & 79 (0+79) & 5724.6 \\
   ------------------------------------------------------------------
  | Welcome to ROOT 6.26/10                        https://root.cern |
  | (c) 1995-2021, The ROOT Team; conception: R. Brun, F. Rademakers |
  | Built for linuxx8664gcc on Nov 16 2022, 10:42:54                 |
  | From tags/v6-26-10@v6-26-10                                      |
  | With g++ (Spack GCC) 11.2.0                                      |
  | Try '.help', '.demo', '.license', '.credits', '.quit'/'.q'       |
   ------------------------------------------------------------------


Processing CutFlowTable.C("Zud",-1,"n/a","../MyExternalAnalysis/results/",-1,"withdcut anymass1L2M")...
CutFlowOK:: Running on a single file: ../MyExternalAnalysis/results/Winter2023/AnalysisResults-Zud_highstat.root
CutFlowTable.C:: Running on 127203 entries out of 127203
CutFlowTable.C:: Scale factor is 1
0 / 127203
CutFlowTable.C:: oNEntries = 137490
CutFlowOK:: Running on a single file: ../MyExternalAnalysis/results/Winter2023/AnalysisResults-Zud_highstat.root
CutFlowOK.C:: Running on 127203 entries out of 127203
CutFlowOK.C:: Scale factor is 1
0 / 127203
Preselection: 137490
One muon    : 127203
Selection   : 79
CutFlowOK:: Running on a single file: ../MyExternalAnalysis/results/Winter2023/AnalysisResults-Zud_highstat.root
CutFlowOK.C:: Running on 127203 entries out of 127203
CutFlowOK.C:: Scale factor is 1
0 / 127203
Preselection: 137490
One muon    : 127203
Selection   : 79
----------------------------------------------
MASS = 5
$Z\to u/d$ & 497.7M & 0 & 0 & 0 & 0 & 0 \\ 
 & 5724.6  & \textit{0} & \textit{0} & \textit{0} & \textit{0} & \textit{0} \\
----------------------------------------------
MASS = 10
$Z\to u/d$ & 497.7M & 0 & 0 & 0 & 0 & 0 \\ 
 & 5724.6  & \textit{0} & \textit{0} & \textit{0} & \textit{0} & \textit{0} \\
----------------------------------------------
MASS = 20
$Z\to u/d$ & 497.7M & 0 & 0 & 0 & 0 & 0 \\ 
 & 5724.6  & \textit{0} & \textit{0} & \textit{0} & \textit{0} & \textit{0} \\
----------------------------------------------
MASS = 30
$Z\to u/d$ & 497.7M & 2 & 1 & 2 & 2 & 0 \\ 
 & 5724.6  & \textit{11.4k} & \textit{5.7k} & \textit{11.4k} & \textit{11.4k} & \textit{0} \\
----------------------------------------------
MASS = 40
$Z\to u/d$ & 497.7M & 0 & 0 & 0 & 0 & 0 \\ 
 & 5724.6  & \textit{0} & \textit{0} & \textit{0} & \textit{0} & \textit{0} \\
----------------------------------------------
MASS = 50
$Z\to u/d$ & 497.7M & 0 & 0 & 0 & 0 & 0 \\ 
 & 5724.6  & \textit{0} & \textit{0} & \textit{0} & \textit{0} & \textit{0} \\
----------------------------------------------
MASS = 60
$Z\to u/d$ & 497.7M & 3 & 2 & 3 & 3 & 0 \\ 
 & 5724.6  & \textit{17.2k} & \textit{11.4k} & \textit{17.2k} & \textit{17.2k} & \textit{0} \\
----------------------------------------------
MASS = 70
$Z\to u/d$ & 497.7M & 5 & 0 & 1 & 5 & 0 \\ 
 & 5724.6  & \textit{28.6k} & \textit{0} & \textit{5.7k} & \textit{28.6k} & \textit{0} \\
----------------------------------------------
MASS = 80
$Z\to u/d$ & 497.7M & 15 & 6 & 8 & 15 & 0 \\ 
 & 5724.6  & \textit{85.9k} & \textit{34.3k} & \textit{45.8k} & \textit{85.9k} & \textit{0} \\
----------------------------------------------
MASS = 85
$Z\to u/d$ & 497.7M & 7 & 4 & 4 & 7 & 0 \\ 
 & 5724.6  & \textit{40.1k} & \textit{22.9k} & \textit{22.9k} & \textit{40.1k} & \textit{0} \\
