   ------------------------------------------------------------------
  | Welcome to ROOT 6.26/10                        https://root.cern |
  | (c) 1995-2021, The ROOT Team; conception: R. Brun, F. Rademakers |
  | Built for linuxx8664gcc on Nov 16 2022, 10:42:54                 |
  | From tags/v6-26-10@v6-26-10                                      |
  | With g++ (Spack GCC) 11.2.0                                      |
  | Try '.help', '.demo', '.license', '.credits', '.quit'/'.q'       |
   ------------------------------------------------------------------


Processing CutFlowTable.C("Zbb",-1,"n/a","../MyExternalAnalysis/results/",-1,"only2M")...
CutFlowOK:: Running on a single file: ../MyExternalAnalysis/results/Winter2023/AnalysisResults-Zbb_highstat.root
CutFlowTable.C:: Running on 50053021 entries out of 50053021
CutFlowTable.C:: Scale factor is 1
0 / 50053021
CutFlowTable.C:: oNEntries = 595463
1000000 / 50053021
2000000 / 50053021
3000000 / 50053021
4000000 / 50053021
5000000 / 50053021
6000000 / 50053021
7000000 / 50053021
8000000 / 50053021
9000000 / 50053021
10000000 / 50053021
11000000 / 50053021
12000000 / 50053021
13000000 / 50053021
14000000 / 50053021
15000000 / 50053021
16000000 / 50053021
17000000 / 50053021
18000000 / 50053021
19000000 / 50053021
20000000 / 50053021
21000000 / 50053021
22000000 / 50053021
23000000 / 50053021
24000000 / 50053021
25000000 / 50053021
26000000 / 50053021
27000000 / 50053021
28000000 / 50053021
29000000 / 50053021
30000000 / 50053021
31000000 / 50053021
32000000 / 50053021
33000000 / 50053021
34000000 / 50053021
35000000 / 50053021
36000000 / 50053021
37000000 / 50053021
38000000 / 50053021
39000000 / 50053021
40000000 / 50053021
41000000 / 50053021
42000000 / 50053021
43000000 / 50053021
44000000 / 50053021
45000000 / 50053021
46000000 / 50053021
47000000 / 50053021
48000000 / 50053021
49000000 / 50053021
50000000 / 50053021
$Z\to bb$ & \textit{(100)}  &    91  &    11  &   100  &     1  &     7  &    32  &    95  &   0.033598 \\
   ------------------------------------------------------------------
  | Welcome to ROOT 6.26/10                        https://root.cern |
  | (c) 1995-2021, The ROOT Team; conception: R. Brun, F. Rademakers |
  | Built for linuxx8664gcc on Nov 16 2022, 10:42:54                 |
  | From tags/v6-26-10@v6-26-10                                      |
  | With g++ (Spack GCC) 11.2.0                                      |
  | Try '.help', '.demo', '.license', '.credits', '.quit'/'.q'       |
   ------------------------------------------------------------------


Processing CutFlowTable.C("Zbb",-1,"n/a","../MyExternalAnalysis/results/",-1,"only1L")...
CutFlowOK:: Running on a single file: ../MyExternalAnalysis/results/Winter2023/AnalysisResults-Zbb_highstat.root
CutFlowTable.C:: Running on 50053021 entries out of 50053021
CutFlowTable.C:: Scale factor is 1
0 / 50053021
CutFlowTable.C:: oNEntries = 595463
1000000 / 50053021
2000000 / 50053021
3000000 / 50053021
4000000 / 50053021
5000000 / 50053021
6000000 / 50053021
7000000 / 50053021
8000000 / 50053021
9000000 / 50053021
10000000 / 50053021
11000000 / 50053021
12000000 / 50053021
13000000 / 50053021
14000000 / 50053021
15000000 / 50053021
16000000 / 50053021
17000000 / 50053021
18000000 / 50053021
19000000 / 50053021
20000000 / 50053021
21000000 / 50053021
22000000 / 50053021
23000000 / 50053021
24000000 / 50053021
25000000 / 50053021
26000000 / 50053021
27000000 / 50053021
28000000 / 50053021
29000000 / 50053021
30000000 / 50053021
31000000 / 50053021
32000000 / 50053021
33000000 / 50053021
34000000 / 50053021
35000000 / 50053021
36000000 / 50053021
37000000 / 50053021
38000000 / 50053021
39000000 / 50053021
40000000 / 50053021
41000000 / 50053021
42000000 / 50053021
43000000 / 50053021
44000000 / 50053021
45000000 / 50053021
46000000 / 50053021
47000000 / 50053021
48000000 / 50053021
49000000 / 50053021
50000000 / 50053021
$Z\to bb$ & \textit{(  0)}  &    31  &    31  &   100  &     92  &    30  &    39  &   0.031969 \\
   ------------------------------------------------------------------
  | Welcome to ROOT 6.26/10                        https://root.cern |
  | (c) 1995-2021, The ROOT Team; conception: R. Brun, F. Rademakers |
  | Built for linuxx8664gcc on Nov 16 2022, 10:42:54                 |
  | From tags/v6-26-10@v6-26-10                                      |
  | With g++ (Spack GCC) 11.2.0                                      |
  | Try '.help', '.demo', '.license', '.credits', '.quit'/'.q'       |
   ------------------------------------------------------------------


Processing CutFlowTable.C("Zbb",-1,"n/a","../MyExternalAnalysis/results/",-1,"combined_selection anymass1L2M")...
CutFlowOK:: Running on a single file: ../MyExternalAnalysis/results/Winter2023/AnalysisResults-Zbb_highstat.root
CutFlowTable.C:: Running on 50053021 entries out of 50053021
CutFlowTable.C:: Scale factor is 1
0 / 50053021
CutFlowTable.C:: oNEntries = 595463
1000000 / 50053021
2000000 / 50053021
3000000 / 50053021
4000000 / 50053021
5000000 / 50053021
6000000 / 50053021
7000000 / 50053021
8000000 / 50053021
9000000 / 50053021
10000000 / 50053021
11000000 / 50053021
12000000 / 50053021
13000000 / 50053021
14000000 / 50053021
15000000 / 50053021
16000000 / 50053021
17000000 / 50053021
18000000 / 50053021
19000000 / 50053021
20000000 / 50053021
21000000 / 50053021
22000000 / 50053021
23000000 / 50053021
24000000 / 50053021
25000000 / 50053021
26000000 / 50053021
27000000 / 50053021
28000000 / 50053021
29000000 / 50053021
30000000 / 50053021
31000000 / 50053021
32000000 / 50053021
33000000 / 50053021
34000000 / 50053021
35000000 / 50053021
36000000 / 50053021
37000000 / 50053021
38000000 / 50053021
39000000 / 50053021
40000000 / 50053021
41000000 / 50053021
42000000 / 50053021
43000000 / 50053021
44000000 / 50053021
45000000 / 50053021
46000000 / 50053021
47000000 / 50053021
48000000 / 50053021
49000000 / 50053021
50000000 / 50053021
CutFlowTable.C:: !!!! IMPORTANT !!!!!  The event filter number is correct only if you are running on non skimmed data !!!
(TString) "$Z\to bb$ & 430.0M & 50.1M (3.6k+50.0M) & 12.4k (1+12.4k) & 3709.2 \\"[69]
